2019-04-06 05:15:25   node number:4
测点40011.dat   count:1   receive:135   success updata:0   sun:135
测点40012.dat   count:1   receive:135   success updata:0   sun:135
测点40013.dat   count:1   receive:135   success updata:0   sun:135
测点40014.dat   count:1   receive:135   success updata:0   sun:135
2019-04-06 05:15:49   node number:4
测点40011.dat   count:1   receive:135   success updata:0   sun:135
测点40012.dat   count:1   receive:135   success updata:0   sun:135
测点40013.dat   count:1   receive:135   success updata:0   sun:135
测点40014.dat   count:1   receive:135   success updata:0   sun:135
2019-04-06 05:16:14   node number:4
测点40011.dat   count:1   receive:135   success updata:0   sun:135
测点40012.dat   count:1   receive:135   success updata:0   sun:135
测点40013.dat   count:1   receive:135   success updata:0   sun:135
测点40014.dat   count:1   receive:135   success updata:0   sun:135
2019-04-06 05:16:39   node number:4
测点40011.dat   count:1   receive:135   success updata:0   sun:135
测点40012.dat   count:1   receive:135   success updata:0   sun:135
测点40013.dat   count:1   receive:135   success updata:0   sun:135
测点40014.dat   count:1   receive:135   success updata:0   sun:135
2019-04-06 05:17:04   node number:4
测点40011.dat   count:1   receive:135   success updata:0   sun:135
测点40012.dat   count:1   receive:135   success updata:0   sun:135
测点40013.dat   count:1   receive:135   success updata:0   sun:135
测点40014.dat   count:1   receive:135   success updata:0   sun:135
2019-04-06 05:17:29   node number:4
测点40011.dat   count:1   receive:135   success updata:0   sun:135
测点40012.dat   count:1   receive:135   success updata:0   sun:135
测点40013.dat   count:1   receive:135   success updata:0   sun:135
测点40014.dat   count:1   receive:135   success updata:0   sun:135
2019-04-06 05:17:54   node number:4
测点40011.dat   count:1   receive:135   success updata:0   sun:135
测点40012.dat   count:1   receive:135   success updata:0   sun:135
测点40013.dat   count:1   receive:135   success updata:0   sun:135
测点40014.dat   count:1   receive:135   success updata:0   sun:135
2019-04-06 05:18:18   node number:4
测点40011.dat   count:1   receive:135   success updata:0   sun:135
测点40012.dat   count:1   receive:135   success updata:0   sun:135
测点40013.dat   count:1   receive:135   success updata:0   sun:135
测点40014.dat   count:1   receive:135   success updata:0   sun:135
2019-04-06 05:18:43   node number:4
测点40011.dat   count:1   receive:135   success updata:0   sun:135
测点40012.dat   count:1   receive:135   success updata:0   sun:135
测点40013.dat   count:1   receive:135   success updata:0   sun:135
测点40014.dat   count:1   receive:135   success updata:0   sun:135
2019-04-06 05:19:08   node number:4
测点40011.dat   count:1   receive:135   success updata:0   sun:135
测点40012.dat   count:1   receive:135   success updata:0   sun:135
测点40013.dat   count:1   receive:135   success updata:0   sun:135
测点40014.dat   count:1   receive:135   success updata:0   sun:135
2019-04-06 05:19:33   node number:4
测点40011.dat   count:1   receive:135   success updata:0   sun:135
测点40012.dat   count:1   receive:135   success updata:0   sun:135
测点40013.dat   count:1   receive:135   success updata:0   sun:135
测点40014.dat   count:1   receive:135   success updata:0   sun:135
2019-04-06 05:19:58   node number:4
测点40011.dat   count:1   receive:135   success updata:0   sun:135
测点40012.dat   count:1   receive:135   success updata:0   sun:135
测点40013.dat   count:1   receive:135   success updata:0   sun:135
测点40014.dat   count:1   receive:135   success updata:0   sun:135
2019-04-06 05:20:23   node number:4
测点40011.dat   count:1   receive:135   success updata:0   sun:135
测点40012.dat   count:1   receive:135   success updata:0   sun:135
测点40013.dat   count:1   receive:135   success updata:0   sun:135
测点40014.dat   count:1   receive:135   success updata:0   sun:135
2019-04-06 05:20:47   node number:4
测点40011.dat   count:1   receive:135   success updata:0   sun:135
测点40012.dat   count:1   receive:135   success updata:0   sun:135
测点40013.dat   count:1   receive:135   success updata:0   sun:135
测点40014.dat   count:1   receive:135   success updata:0   sun:135
2019-04-06 05:21:12   node number:4
测点40011.dat   count:1   receive:135   success updata:0   sun:135
测点40012.dat   count:1   receive:135   success updata:0   sun:135
测点40013.dat   count:1   receive:135   success updata:0   sun:135
测点40014.dat   count:1   receive:135   success updata:0   sun:135
2019-04-06 05:21:37   node number:4
测点40011.dat   count:1   receive:135   success updata:0   sun:135
测点40012.dat   count:1   receive:135   success updata:0   sun:135
测点40013.dat   count:1   receive:135   success updata:0   sun:135
测点40014.dat   count:1   receive:135   success updata:0   sun:135
2019-04-06 05:22:02   node number:4
测点40011.dat   count:1   receive:135   success updata:0   sun:135
测点40012.dat   count:1   receive:135   success updata:0   sun:135
测点40013.dat   count:1   receive:135   success updata:0   sun:135
测点40014.dat   count:1   receive:135   success updata:0   sun:135
2019-04-06 05:22:27   node number:4
测点40011.dat   count:1   receive:135   success updata:0   sun:135
测点40012.dat   count:1   receive:135   success updata:0   sun:135
测点40013.dat   count:1   receive:135   success updata:0   sun:135
测点40014.dat   count:1   receive:135   success updata:0   sun:135
2019-04-06 05:22:52   node number:4
测点40011.dat   count:1   receive:135   success updata:135   sun:135
测点40012.dat   count:1   receive:135   success updata:135   sun:135
测点40013.dat   count:1   receive:135   success updata:135   sun:135
测点40014.dat   count:1   receive:135   success updata:135   sun:135
2019-04-06 05:23:22   node number:4
测点40011.dat   count:1   receive:135   success updata:0   sun:135
测点40012.dat   count:1   receive:135   success updata:0   sun:135
测点40013.dat   count:1   receive:135   success updata:0   sun:135
测点40014.dat   count:1   receive:135   success updata:0   sun:135
2019-04-06 05:23:48   node number:4
测点40011.dat   count:1   receive:135   success updata:0   sun:135
测点40012.dat   count:1   receive:135   success updata:0   sun:135
测点40013.dat   count:1   receive:135   success updata:0   sun:135
测点40014.dat   count:1   receive:135   success updata:0   sun:135
2019-04-06 05:24:13   node number:4
测点40011.dat   count:1   receive:135   success updata:0   sun:135
测点40012.dat   count:1   receive:135   success updata:0   sun:135
测点40013.dat   count:1   receive:135   success updata:0   sun:135
测点40014.dat   count:1   receive:135   success updata:0   sun:135
2019-04-06 05:24:37   node number:4
测点40011.dat   count:1   receive:135   success updata:0   sun:135
测点40012.dat   count:1   receive:135   success updata:0   sun:135
测点40013.dat   count:1   receive:135   success updata:0   sun:135
测点40014.dat   count:1   receive:135   success updata:0   sun:135
2019-04-06 05:25:01   node number:4
测点40011.dat   count:1   receive:135   success updata:0   sun:135
测点40012.dat   count:1   receive:135   success updata:0   sun:135
测点40013.dat   count:1   receive:135   success updata:0   sun:135
测点40014.dat   count:1   receive:135   success updata:0   sun:135
2019-04-06 05:25:26   node number:4
测点40011.dat   count:1   receive:135   success updata:0   sun:135
测点40012.dat   count:1   receive:135   success updata:0   sun:135
测点40013.dat   count:1   receive:135   success updata:0   sun:135
测点40014.dat   count:1   receive:135   success updata:0   sun:135
2019-04-06 05:25:50   node number:4
测点40011.dat   count:1   receive:135   success updata:0   sun:135
测点40012.dat   count:1   receive:135   success updata:0   sun:135
测点40013.dat   count:1   receive:135   success updata:0   sun:135
测点40014.dat   count:1   receive:135   success updata:0   sun:135
2019-04-06 05:26:14   node number:4
测点40011.dat   count:1   receive:135   success updata:0   sun:135
测点40012.dat   count:1   receive:135   success updata:0   sun:135
测点40013.dat   count:1   receive:135   success updata:0   sun:135
测点40014.dat   count:1   receive:135   success updata:0   sun:135
2019-04-06 05:26:39   node number:4
测点40011.dat   count:1   receive:135   success updata:0   sun:135
测点40012.dat   count:1   receive:135   success updata:0   sun:135
测点40013.dat   count:1   receive:135   success updata:0   sun:135
测点40014.dat   count:1   receive:135   success updata:0   sun:135
2019-04-06 05:27:04   node number:4
测点40011.dat   count:1   receive:135   success updata:0   sun:135
测点40012.dat   count:1   receive:135   success updata:0   sun:135
测点40013.dat   count:1   receive:135   success updata:0   sun:135
测点40014.dat   count:1   receive:135   success updata:0   sun:135
2019-04-06 05:27:29   node number:4
测点40011.dat   count:1   receive:135   success updata:0   sun:135
测点40012.dat   count:1   receive:135   success updata:0   sun:135
测点40013.dat   count:1   receive:135   success updata:0   sun:135
测点40014.dat   count:1   receive:135   success updata:0   sun:135
2019-04-06 05:27:54   node number:4
测点40011.dat   count:1   receive:135   success updata:0   sun:135
测点40012.dat   count:1   receive:135   success updata:0   sun:135
测点40013.dat   count:1   receive:135   success updata:0   sun:135
测点40014.dat   count:1   receive:135   success updata:0   sun:135
2019-04-06 05:28:19   node number:4
测点40011.dat   count:1   receive:135   success updata:0   sun:135
测点40012.dat   count:1   receive:135   success updata:0   sun:135
测点40013.dat   count:1   receive:135   success updata:0   sun:135
测点40014.dat   count:1   receive:135   success updata:0   sun:135
2019-04-06 05:28:44   node number:4
测点40011.dat   count:1   receive:135   success updata:0   sun:135
测点40012.dat   count:1   receive:135   success updata:0   sun:135
测点40013.dat   count:1   receive:135   success updata:0   sun:135
测点40014.dat   count:1   receive:135   success updata:0   sun:135
2019-04-06 05:29:09   node number:4
测点40011.dat   count:1   receive:135   success updata:0   sun:135
测点40012.dat   count:1   receive:135   success updata:0   sun:135
测点40013.dat   count:1   receive:135   success updata:0   sun:135
测点40014.dat   count:1   receive:135   success updata:0   sun:135
2019-04-06 05:29:34   node number:4
测点40011.dat   count:1   receive:135   success updata:0   sun:135
测点40012.dat   count:1   receive:135   success updata:0   sun:135
测点40013.dat   count:1   receive:135   success updata:0   sun:135
测点40014.dat   count:1   receive:135   success updata:0   sun:135
2019-04-06 05:29:59   node number:4
测点40011.dat   count:1   receive:135   success updata:0   sun:135
测点40012.dat   count:1   receive:135   success updata:0   sun:135
测点40013.dat   count:1   receive:135   success updata:0   sun:135
测点40014.dat   count:1   receive:135   success updata:0   sun:135
2019-04-06 05:36:05   node number:4
测点40011.dat   count:1   receive:135   success updata:0   sun:135
测点40012.dat   count:1   receive:135   success updata:0   sun:135
测点40013.dat   count:1   receive:135   success updata:0   sun:135
测点40014.dat   count:1   receive:135   success updata:0   sun:135
2019-04-06 05:36:30   node number:
2019-04-06 05:36:50   node number:
2019-04-06 05:37:10   node number:
2019-04-06 05:37:30   node number:
2019-04-06 05:37:50   node number:
2019-04-06 05:38:10   node number:
2019-04-06 05:38:30   node number:
2019-04-06 05:38:50   node number:
2019-04-06 05:39:10   node number:
2019-04-06 05:39:30   node number:
2019-04-06 05:39:50   node number:
2019-04-06 05:40:10   node number:
2019-04-06 05:40:30   node number:
2019-04-06 05:40:50   node number:
2019-04-06 05:41:10   node number:
2019-04-06 05:41:30   node number:
2019-04-06 05:41:50   node number:
2019-04-06 05:42:10   node number:
2019-04-06 05:42:30   node number:
2019-04-06 05:59:32   node number:4
测点40011.dat   count:1   receive:135   success updata:0   sun:135
测点40012.dat   count:1   receive:135   success updata:0   sun:135
测点40013.dat   count:1   receive:135   success updata:0   sun:135
测点40014.dat   count:1   receive:135   success updata:0   sun:135
2019-04-06 05:59:57   node number:
2019-04-06 06:00:17   node number:
2019-04-06 06:00:37   node number:
2019-04-06 06:00:57   node number:
2019-04-06 06:01:17   node number:
2019-04-06 06:01:37   node number:
2019-04-06 06:01:57   node number:
2019-04-06 06:02:17   node number:
2019-04-06 06:02:37   node number:
2019-04-06 06:02:57   node number:
2019-04-06 06:03:17   node number:
2019-04-06 06:03:37   node number:
2019-04-06 06:03:57   node number:
2019-04-06 06:04:17   node number:
2019-04-06 06:04:37   node number:
2019-04-06 06:04:57   node number:
2019-04-06 06:05:17   node number:
2019-04-06 06:05:37   node number:
2019-04-06 06:05:57   node number:
2019-04-06 13:29:15   node number:4
测点40011.dat   count:1   receive:135   success updata:0   sun:157
测点40012.dat   count:1   receive:135   success updata:0   sun:157
测点40013.dat   count:1   receive:135   success updata:0   sun:157
测点40014.dat   count:1   receive:135   success updata:0   sun:157
2019-04-06 13:29:39   node number:
2019-04-06 13:29:59   node number:
2019-04-06 13:30:19   node number:
2019-04-06 13:30:39   node number:
2019-04-06 13:30:59   node number:
2019-04-06 13:31:19   node number:
2019-04-06 13:31:39   node number:
2019-04-06 13:31:59   node number:
2019-04-06 13:32:38   node number:4
测点40011.dat   count:1   receive:135   success updata:0   sun:157
测点40012.dat   count:1   receive:135   success updata:0   sun:157
测点40013.dat   count:1   receive:135   success updata:0   sun:157
测点40014.dat   count:1   receive:135   success updata:0   sun:157
2019-04-06 13:33:02   node number:
2019-04-06 13:33:22   node number:
2019-04-06 13:33:42   node number:
2019-04-06 13:37:06   node number:4
测点40011.dat   count:1   receive:135   success updata:0   sun:157
测点40012.dat   count:1   receive:135   success updata:0   sun:157
测点40013.dat   count:1   receive:135   success updata:0   sun:157
测点40014.dat   count:1   receive:135   success updata:0   sun:157
2019-04-06 13:37:30   node number:4
测点40011.dat   count:1   receive:135   success updata:0   sun:157
测点40012.dat   count:1   receive:135   success updata:0   sun:157
测点40013.dat   count:1   receive:135   success updata:0   sun:157
测点40014.dat   count:1   receive:135   success updata:0   sun:157
2019-04-06 13:37:55   node number:4
测点40011.dat   count:1   receive:135   success updata:0   sun:157
测点40012.dat   count:1   receive:135   success updata:0   sun:157
测点40013.dat   count:1   receive:135   success updata:0   sun:157
测点40014.dat   count:1   receive:135   success updata:0   sun:157
2019-04-06 13:38:19   node number:4
测点40011.dat   count:1   receive:135   success updata:135   sun:135
测点40012.dat   count:1   receive:135   success updata:0   sun:157
测点40013.dat   count:1   receive:135   success updata:0   sun:157
测点40014.dat   count:1   receive:135   success updata:0   sun:157
2019-04-06 13:38:44   node number:4
测点40011.dat   count:1   receive:135   success updata:0   sun:135
测点40012.dat   count:1   receive:135   success updata:0   sun:157
测点40013.dat   count:1   receive:135   success updata:0   sun:157
测点40014.dat   count:1   receive:135   success updata:0   sun:157
2019-04-06 13:39:09   node number:4
测点40011.dat   count:1   receive:135   success updata:135   sun:135
测点40012.dat   count:1   receive:135   success updata:0   sun:157
测点40013.dat   count:1   receive:135   success updata:0   sun:157
测点40014.dat   count:1   receive:135   success updata:0   sun:157
2019-04-06 13:39:35   node number:4
测点40011.dat   count:1   receive:135   success updata:0   sun:135
测点40012.dat   count:1   receive:135   success updata:0   sun:157
测点40013.dat   count:1   receive:135   success updata:0   sun:157
测点40014.dat   count:1   receive:135   success updata:0   sun:157
2019-04-06 13:39:59   node number:4
测点40011.dat   count:1   receive:135   success updata:0   sun:135
测点40012.dat   count:1   receive:135   success updata:0   sun:157
测点40013.dat   count:1   receive:135   success updata:0   sun:157
测点40014.dat   count:1   receive:135   success updata:0   sun:157
2019-04-06 13:40:23   node number:4
测点40011.dat   count:1   receive:135   success updata:0   sun:135
测点40012.dat   count:1   receive:135   success updata:0   sun:157
测点40013.dat   count:1   receive:135   success updata:0   sun:157
测点40014.dat   count:1   receive:135   success updata:0   sun:157
2019-04-06 13:40:47   node number:4
测点40011.dat   count:1   receive:135   success updata:0   sun:135
测点40012.dat   count:1   receive:135   success updata:0   sun:157
测点40013.dat   count:1   receive:135   success updata:0   sun:157
测点40014.dat   count:1   receive:135   success updata:0   sun:157
2019-04-06 13:41:12   node number:4
测点40011.dat   count:1   receive:135   success updata:0   sun:135
测点40012.dat   count:1   receive:135   success updata:0   sun:157
测点40013.dat   count:1   receive:135   success updata:0   sun:157
测点40014.dat   count:1   receive:135   success updata:0   sun:157
2019-04-06 13:41:36   node number:4
测点40011.dat   count:1   receive:135   success updata:0   sun:135
测点40012.dat   count:1   receive:135   success updata:0   sun:157
测点40013.dat   count:1   receive:135   success updata:0   sun:157
测点40014.dat   count:1   receive:135   success updata:0   sun:157
2019-04-06 13:42:00   node number:4
测点40011.dat   count:1   receive:135   success updata:0   sun:135
测点40012.dat   count:1   receive:135   success updata:0   sun:157
测点40013.dat   count:1   receive:135   success updata:0   sun:157
测点40014.dat   count:1   receive:135   success updata:0   sun:157
2019-04-06 13:42:24   node number:4
测点40011.dat   count:1   receive:135   success updata:0   sun:135
测点40012.dat   count:1   receive:135   success updata:0   sun:157
测点40013.dat   count:1   receive:135   success updata:0   sun:157
测点40014.dat   count:1   receive:135   success updata:0   sun:157
2019-04-06 13:42:48   node number:4
测点40011.dat   count:1   receive:135   success updata:0   sun:135
测点40012.dat   count:1   receive:135   success updata:0   sun:157
测点40013.dat   count:1   receive:135   success updata:0   sun:157
测点40014.dat   count:1   receive:135   success updata:0   sun:157
2019-04-06 13:43:13   node number:4
测点40011.dat   count:1   receive:135   success updata:0   sun:135
测点40012.dat   count:1   receive:135   success updata:0   sun:157
测点40013.dat   count:1   receive:135   success updata:0   sun:157
测点40014.dat   count:1   receive:135   success updata:0   sun:157
2019-04-06 13:43:37   node number:4
测点40011.dat   count:1   receive:135   success updata:0   sun:135
测点40012.dat   count:1   receive:135   success updata:0   sun:157
测点40013.dat   count:1   receive:135   success updata:0   sun:157
测点40014.dat   count:1   receive:135   success updata:0   sun:157
2019-04-06 13:44:01   node number:4
测点40011.dat   count:1   receive:135   success updata:0   sun:135
测点40012.dat   count:1   receive:135   success updata:0   sun:157
测点40013.dat   count:1   receive:135   success updata:0   sun:157
测点40014.dat   count:1   receive:135   success updata:0   sun:157
2019-04-06 13:44:26   node number:4
测点40011.dat   count:1   receive:135   success updata:0   sun:135
测点40012.dat   count:1   receive:135   success updata:0   sun:157
测点40013.dat   count:1   receive:135   success updata:0   sun:157
测点40014.dat   count:1   receive:135   success updata:0   sun:157
2019-04-06 13:44:51   node number:4
测点40011.dat   count:1   receive:135   success updata:0   sun:135
测点40012.dat   count:1   receive:135   success updata:0   sun:157
测点40013.dat   count:1   receive:135   success updata:0   sun:157
测点40014.dat   count:1   receive:135   success updata:0   sun:157
2019-04-06 13:45:15   node number:4
测点40011.dat   count:1   receive:135   success updata:0   sun:135
测点40012.dat   count:1   receive:135   success updata:0   sun:157
测点40013.dat   count:1   receive:135   success updata:0   sun:157
测点40014.dat   count:1   receive:135   success updata:0   sun:157
2019-04-06 13:45:39   node number:4
测点40011.dat   count:1   receive:135   success updata:0   sun:135
测点40012.dat   count:1   receive:135   success updata:0   sun:157
测点40013.dat   count:1   receive:135   success updata:0   sun:157
测点40014.dat   count:1   receive:135   2019-04-06 18:01:30   node number:4
2号测站.dat   count:1   receive:385   success updata:0   sun:385
3号测站.dat   count:1   receive:382   success updata:0   sun:382
4号测站.dat   count:1   receive:298   success updata:0   sun:298
5号测站.dat   count:1   receive:384   success updata:0   sun:384
2019-04-06 18:02:17   node number:4
2号测站.dat   count:1   receive:385   success updata:0   sun:385
3号测站.dat   count:1   receive:382   success updata:0   sun:382
4号测站.dat   count:1   receive:298   success updata:0   sun:298
5号测站.dat   count:1   receive:384   success updata:0   sun:384
